[2026-02-06 10:38:50] Exception: No connection could be made because the target machine actively refused it
[2026-02-06 10:54:02] Exception: No connection could be made because the target machine actively refused it
[2026-02-06 11:04:08] Exception: No connection could be made because the target machine actively refused it
[2026-02-06 11:23:21] Exception: No connection could be made because the target machine actively refused it
[2026-02-06 11:24:23] Exception: No connection could be made because the target machine actively refused it
[2026-02-06 11:27:23] Exception: No connection could be made because the target machine actively refused it
[2026-02-06 11:35:14] Processing registration for user_id: 1
[2026-02-06 11:35:14] Languages: English, Swahili
[2026-02-06 11:35:14] Specializations: Wildlife Safari, Cultural Tours
[2026-02-06 11:35:14] Guide created successfully with ID: 1
[2026-02-06 11:35:14] Uploaded 1 portfolio images
[2026-02-06 11:37:22] Processing registration for user_id: 1
[2026-02-06 11:37:22] Languages: English, Swahili
[2026-02-06 11:37:22] Specializations: Wildlife Safari, Cultural Tours
[2026-02-06 11:37:22] Guide created successfully with ID: 2
[2026-02-06 11:37:22] Uploaded 1 portfolio images
[2026-02-06 11:39:20] Processing registration for user_id: 1
[2026-02-06 11:39:20] Languages: English, Swahili
[2026-02-06 11:39:20] Specializations: Wildlife Safari
[2026-02-06 11:39:20] Profile photo upload error: 4
[2026-02-06 11:39:55] Processing registration for user_id: 1
[2026-02-06 11:39:55] Languages: English, Swahili
[2026-02-06 11:39:55] Specializations: Wildlife Safari
[2026-02-06 11:39:55] License document upload error: 4
[2026-02-06 11:40:22] Processing registration for user_id: 1
[2026-02-06 11:40:22] Languages: English, Swahili
[2026-02-06 11:40:22] Specializations: Wildlife Safari
[2026-02-06 11:40:22] Guide created successfully with ID: 3
[2026-02-06 11:40:22] Uploaded 1 portfolio images
[2026-02-11 08:21:43] Processing registration for user_id: 2
[2026-02-11 08:21:43] Languages: English, Swahili
[2026-02-11 08:21:43] Specializations: Wildlife Safari
[2026-02-11 08:21:43] Guide created successfully with ID: 1
[2026-02-11 08:21:43] Uploaded 1 portfolio images
